build/app/intermediates/manifest_merge_blame_file/debug/manifest-merger-blame-debug-report.txt
1<?xml version="1.0" encoding="utf-8"?>
2<manifest xmlns:android="http://schemas.android.com/apk/res/android"
3    package="com.epsoldev.jinnahent"
4    android:versionCode="1"
5    android:versionName="1.0.0" >
6
7    <uses-sdk
8        android:minSdkVersion="24"
9        android:targetSdkVersion="34" />
10    <!--
11         The INTERNET permission is required for development. Specifically,
12         the Flutter tool needs it to communicate with the running application
13         to allow setting breakpoints, to provide hot reload, etc.
14    -->
15    <uses-permission android:name="android.permission.INTERNET" />
15-->src\main\AndroidManifest.xml:3:5-67
15-->src\main\AndroidManifest.xml:3:22-64
16    <uses-permission android:name="android.permission.VIBRATE" />
16-->src\main\AndroidManifest.xml:4:5-66
16-->src\main\AndroidManifest.xml:4:22-63
17    <uses-permission android:name="android.permission.RECEIVE_BOOT_COMPLETED" />
17-->src\main\AndroidManifest.xml:5:5-80
17-->src\main\AndroidManifest.xml:5:22-78
18    <uses-permission android:name="android.permission.POST_NOTIFICATIONS" />
18-->src\main\AndroidManifest.xml:6:5-76
18-->src\main\AndroidManifest.xml:6:22-74
19    <uses-permission android:name="android.permission.WAKE_LOCK" />
19-->src\main\AndroidManifest.xml:7:5-68
19-->src\main\AndroidManifest.xml:7:22-65
20    <!--
21 Required to query activities that can process text, see:
22         https://developer.android.com/training/package-visibility and
23         https://developer.android.com/reference/android/content/Intent#ACTION_PROCESS_TEXT.
24
25         In particular, this is used by the Flutter engine in io.flutter.plugin.text.ProcessTextPlugin.
26    -->
27    <queries>
27-->src\main\AndroidManifest.xml:64:5-69:15
28        <intent>
28-->src\main\AndroidManifest.xml:65:9-68:18
29            <action android:name="android.intent.action.PROCESS_TEXT" />
29-->src\main\AndroidManifest.xml:66:13-72
29-->src\main\AndroidManifest.xml:66:21-70
30
31            <data android:mimeType="text/plain" />
31-->src\main\AndroidManifest.xml:67:13-50
31-->src\main\AndroidManifest.xml:67:19-48
32        </intent>
33    </queries>
34
35    <uses-permission android:name="android.permission.ACCESS_NETWORK_STATE" /> <!-- Required by older versions of Google Play services to create IID tokens -->
35-->[:firebase_messaging] AndroidManifest.xml:9:5-79
35-->[:firebase_messaging] AndroidManifest.xml:9:22-76
36    <uses-permission android:name="com.google.android.c2dm.permission.RECEIVE" />
36-->[com.google.firebase:firebase-messaging:24.1.0] AndroidManifest.xml:26:5-82
36-->[com.google.firebase:firebase-messaging:24.1.0] AndroidManifest.xml:26:22-79
37    <uses-permission android:name="com.google.android.gms.permission.AD_ID" />
37-->[com.google.android.gms:play-services-measurement-api:22.1.2] AndroidManifest.xml:25:5-79
37-->[com.google.android.gms:play-services-measurement-api:22.1.2] AndroidManifest.xml:25:22-76
38    <uses-permission android:name="android.permission.ACCESS_ADSERVICES_ATTRIBUTION" />
38-->[com.google.android.gms:play-services-measurement-api:22.1.2] AndroidManifest.xml:26:5-88
38-->[com.google.android.gms:play-services-measurement-api:22.1.2] AndroidManifest.xml:26:22-85
39    <uses-permission android:name="android.permission.ACCESS_ADSERVICES_AD_ID" />
39-->[com.google.android.gms:play-services-measurement-api:22.1.2] AndroidManifest.xml:27:5-82
39-->[com.google.android.gms:play-services-measurement-api:22.1.2] AndroidManifest.xml:27:22-79
40    <uses-permission android:name="com.google.android.finsky.permission.BIND_GET_INSTALL_REFERRER_SERVICE" />
40-->[com.google.android.gms:play-services-measurement:22.1.2] AndroidManifest.xml:26:5-110
40-->[com.google.android.gms:play-services-measurement:22.1.2] AndroidManifest.xml:26:22-107
41    <uses-permission android:name="com.google.android.providers.gsf.permission.READ_GSERVICES" />
41-->[com.google.android.recaptcha:recaptcha:18.5.1] AndroidManifest.xml:9:5-98
41-->[com.google.android.recaptcha:recaptcha:18.5.1] AndroidManifest.xml:9:22-95
42
43    <permission
43-->[androidx.core:core:1.13.1] AndroidManifest.xml:22:5-24:47
44        android:name="com.epsoldev.jinnahent.DYNAMIC_RECEIVER_NOT_EXPORTED_PERMISSION"
44-->[androidx.core:core:1.13.1] AndroidManifest.xml:23:9-81
45        android:protectionLevel="signature" />
45-->[androidx.core:core:1.13.1] AndroidManifest.xml:24:9-44
46
47    <uses-permission android:name="com.epsoldev.jinnahent.DYNAMIC_RECEIVER_NOT_EXPORTED_PERMISSION" />
47-->[androidx.core:core:1.13.1] AndroidManifest.xml:26:5-97
47-->[androidx.core:core:1.13.1] AndroidManifest.xml:26:22-94
48
49    <application
50        android:name="android.app.Application"
51        android:appComponentFactory="androidx.core.app.CoreComponentFactory"
51-->[androidx.core:core:1.13.1] AndroidManifest.xml:28:18-86
52        android:debuggable="true"
53        android:enableOnBackInvokedCallback="true"
54        android:extractNativeLibs="false"
55        android:icon="@mipmap/ic_launcher"
56        android:label="Jinnah Ent"
57        android:usesCleartextTraffic="true" >
58        <meta-data
59            android:name="com.google.firebase.messaging.default_notification_channel_id"
60            android:value="default_channel" />
61        <meta-data
62            android:name="com.google.firebase.messaging.default_notification_icon"
63            android:resource="@mipmap/ic_launcher" />
64
65        <activity
66            android:name="com.example.store_app.MainActivity"
67            android:configChanges="orientation|keyboardHidden|keyboard|screenSize|smallestScreenSize|locale|layoutDirection|fontScale|screenLayout|density|uiMode"
68            android:exported="true"
69            android:hardwareAccelerated="true"
70            android:launchMode="singleTask"
71            android:theme="@style/LaunchTheme"
72            android:windowSoftInputMode="adjustResize" >
73            <meta-data
74                android:name="io.flutter.embedding.android.NormalTheme"
75                android:resource="@style/NormalTheme" />
76
77            <intent-filter>
78                <action android:name="android.intent.action.MAIN" />
79
80                <category android:name="android.intent.category.LAUNCHER" />
81            </intent-filter>
82            <intent-filter>
83                <action android:name="FLUTTER_NOTIFICATION_CLICK" />
84
85                <category android:name="android.intent.category.DEFAULT" />
85-->[com.google.firebase:firebase-auth:23.1.0] AndroidManifest.xml:38:17-76
85-->[com.google.firebase:firebase-auth:23.1.0] AndroidManifest.xml:38:27-73
86            </intent-filter>
87            <!-- Custom URL Scheme -->
88            <meta-data
89                android:name="flutter-deeplink"
90                android:value="true" />
91
92            <intent-filter android:autoVerify="true" >
93                <action android:name="android.intent.action.VIEW" />
93-->[com.google.firebase:firebase-auth:23.1.0] AndroidManifest.xml:36:17-69
93-->[com.google.firebase:firebase-auth:23.1.0] AndroidManifest.xml:36:25-66
94
95                <category android:name="android.intent.category.DEFAULT" />
95-->[com.google.firebase:firebase-auth:23.1.0] AndroidManifest.xml:38:17-76
95-->[com.google.firebase:firebase-auth:23.1.0] AndroidManifest.xml:38:27-73
96                <category android:name="android.intent.category.BROWSABLE" />
96-->[com.google.firebase:firebase-auth:23.1.0] AndroidManifest.xml:39:17-78
96-->[com.google.firebase:firebase-auth:23.1.0] AndroidManifest.xml:39:27-75
97
98                <data
98-->src\main\AndroidManifest.xml:67:13-50
99                    android:host="dfile-99af8.web.app"
100                    android:scheme="http" />
101                <data android:scheme="https" />
101-->src\main\AndroidManifest.xml:67:13-50
102            </intent-filter>
103        </activity>
104
105        <meta-data
106            android:name="flutterEmbedding"
107            android:value="2" />
108
109        <service
109-->[:cloud_firestore] AndroidManifest.xml:8:9-12:19
110            android:name="com.google.firebase.components.ComponentDiscoveryService"
110-->[:cloud_firestore] AndroidManifest.xml:8:18-89
111            android:directBootAware="true"
111-->[com.google.firebase:firebase-common:21.0.0] AndroidManifest.xml:32:13-43
112            android:exported="false" >
112-->[com.google.firebase:firebase-appcheck-playintegrity:18.0.0] AndroidManifest.xml:24:13-37
113            <meta-data
113-->[:cloud_firestore] AndroidManifest.xml:9:13-11:85
114                android:name="com.google.firebase.components:io.flutter.plugins.firebase.firestore.FlutterFirebaseFirestoreRegistrar"
114-->[:cloud_firestore] AndroidManifest.xml:10:17-134
115                android:value="com.google.firebase.components.ComponentRegistrar" />
115-->[:cloud_firestore] AndroidManifest.xml:11:17-82
116            <meta-data
116-->[:firebase_auth] AndroidManifest.xml:9:13-11:85
117                android:name="com.google.firebase.components:io.flutter.plugins.firebase.auth.FlutterFirebaseAuthRegistrar"
117-->[:firebase_auth] AndroidManifest.xml:10:17-124
118                android:value="com.google.firebase.components.ComponentRegistrar" />
118-->[:firebase_auth] AndroidManifest.xml:11:17-82
119            <meta-data
119-->[:firebase_messaging] AndroidManifest.xml:36:13-38:85
120                android:name="com.google.firebase.components:io.flutter.plugins.firebase.messaging.FlutterFirebaseAppRegistrar"
120-->[:firebase_messaging] AndroidManifest.xml:37:17-128
121                android:value="com.google.firebase.components.ComponentRegistrar" />
121-->[:firebase_messaging] AndroidManifest.xml:38:17-82
122            <meta-data
122-->[:firebase_storage] AndroidManifest.xml:9:13-11:85
123                android:name="com.google.firebase.components:io.flutter.plugins.firebase.storage.FlutterFirebaseAppRegistrar"
123-->[:firebase_storage] AndroidManifest.xml:10:17-126
124                android:value="com.google.firebase.components.ComponentRegistrar" />
124-->[:firebase_storage] AndroidManifest.xml:11:17-82
125            <meta-data
125-->[:firebase_core] AndroidManifest.xml:9:13-11:85
126                android:name="com.google.firebase.components:io.flutter.plugins.firebase.core.FlutterFirebaseCoreRegistrar"
126-->[:firebase_core] AndroidManifest.xml:10:17-124
127                android:value="com.google.firebase.components.ComponentRegistrar" />
127-->[:firebase_core] AndroidManifest.xml:11:17-82
128            <meta-data
128-->[com.google.firebase:firebase-appcheck-playintegrity:18.0.0] AndroidManifest.xml:25:13-27:85
129                android:name="com.google.firebase.components:com.google.firebase.appcheck.playintegrity.FirebaseAppCheckPlayIntegrityRegistrar"
129-->[com.google.firebase:firebase-appcheck-playintegrity:18.0.0] AndroidManifest.xml:26:17-144
130                android:value="com.google.firebase.components.ComponentRegistrar" />
130-->[com.google.firebase:firebase-appcheck-playintegrity:18.0.0] AndroidManifest.xml:27:17-82
131            <meta-data
131-->[com.google.firebase:firebase-firestore:25.1.1] AndroidManifest.xml:17:13-19:85
132                android:name="com.google.firebase.components:com.google.firebase.firestore.FirebaseFirestoreKtxRegistrar"
132-->[com.google.firebase:firebase-firestore:25.1.1] AndroidManifest.xml:18:17-122
133                android:value="com.google.firebase.components.ComponentRegistrar" />
133-->[com.google.firebase:firebase-firestore:25.1.1] AndroidManifest.xml:19:17-82
134            <meta-data
134-->[com.google.firebase:firebase-firestore:25.1.1] AndroidManifest.xml:20:13-22:85
135                android:name="com.google.firebase.components:com.google.firebase.firestore.FirestoreRegistrar"
135-->[com.google.firebase:firebase-firestore:25.1.1] AndroidManifest.xml:21:17-111
136                android:value="com.google.firebase.components.ComponentRegistrar" />
136-->[com.google.firebase:firebase-firestore:25.1.1] AndroidManifest.xml:22:17-82
137            <meta-data
137-->[com.google.firebase:firebase-auth:23.1.0] AndroidManifest.xml:69:13-71:85
138                android:name="com.google.firebase.components:com.google.firebase.auth.FirebaseAuthRegistrar"
138-->[com.google.firebase:firebase-auth:23.1.0] AndroidManifest.xml:70:17-109
139                android:value="com.google.firebase.components.ComponentRegistrar" />
139-->[com.google.firebase:firebase-auth:23.1.0] AndroidManifest.xml:71:17-82
140            <meta-data
140-->[com.google.firebase:firebase-messaging:24.1.0] AndroidManifest.xml:57:13-59:85
141                android:name="com.google.firebase.components:com.google.firebase.messaging.FirebaseMessagingKtxRegistrar"
141-->[com.google.firebase:firebase-messaging:24.1.0] AndroidManifest.xml:58:17-122
142                android:value="com.google.firebase.components.ComponentRegistrar" />
142-->[com.google.firebase:firebase-messaging:24.1.0] AndroidManifest.xml:59:17-82
143            <meta-data
143-->[com.google.firebase:firebase-messaging:24.1.0] AndroidManifest.xml:60:13-62:85
144                android:name="com.google.firebase.components:com.google.firebase.messaging.FirebaseMessagingRegistrar"
144-->[com.google.firebase:firebase-messaging:24.1.0] AndroidManifest.xml:61:17-119
145                android:value="com.google.firebase.components.ComponentRegistrar" />
145-->[com.google.firebase:firebase-messaging:24.1.0] AndroidManifest.xml:62:17-82
146            <meta-data
146-->[com.google.firebase:firebase-storage:21.0.1] AndroidManifest.xml:30:13-32:85
147                android:name="com.google.firebase.components:com.google.firebase.storage.FirebaseStorageKtxRegistrar"
147-->[com.google.firebase:firebase-storage:21.0.1] AndroidManifest.xml:31:17-118
148                android:value="com.google.firebase.components.ComponentRegistrar" />
148-->[com.google.firebase:firebase-storage:21.0.1] AndroidManifest.xml:32:17-82
149            <meta-data
149-->[com.google.firebase:firebase-storage:21.0.1] AndroidManifest.xml:33:13-35:85
150                android:name="com.google.firebase.components:com.google.firebase.storage.StorageRegistrar"
150-->[com.google.firebase:firebase-storage:21.0.1] AndroidManifest.xml:34:17-107
151                android:value="com.google.firebase.components.ComponentRegistrar" />
151-->[com.google.firebase:firebase-storage:21.0.1] AndroidManifest.xml:35:17-82
152            <meta-data
152-->[com.google.android.gms:play-services-measurement-api:22.1.2] AndroidManifest.xml:37:13-39:85
153                android:name="com.google.firebase.components:com.google.firebase.analytics.connector.internal.AnalyticsConnectorRegistrar"
153-->[com.google.android.gms:play-services-measurement-api:22.1.2] AndroidManifest.xml:38:17-139
154                android:value="com.google.firebase.components.ComponentRegistrar" />
154-->[com.google.android.gms:play-services-measurement-api:22.1.2] AndroidManifest.xml:39:17-82
155            <meta-data
155-->[com.google.firebase:firebase-appcheck:18.0.0] AndroidManifest.xml:25:13-27:85
156                android:name="com.google.firebase.components:com.google.firebase.appcheck.FirebaseAppCheckKtxRegistrar"
156-->[com.google.firebase:firebase-appcheck:18.0.0] AndroidManifest.xml:26:17-120
157                android:value="com.google.firebase.components.ComponentRegistrar" />
157-->[com.google.firebase:firebase-appcheck:18.0.0] AndroidManifest.xml:27:17-82
158            <meta-data
158-->[com.google.firebase:firebase-appcheck:18.0.0] AndroidManifest.xml:28:13-30:85
159                android:name="com.google.firebase.components:com.google.firebase.appcheck.FirebaseAppCheckRegistrar"
159-->[com.google.firebase:firebase-appcheck:18.0.0] AndroidManifest.xml:29:17-117
160                android:value="com.google.firebase.components.ComponentRegistrar" />
160-->[com.google.firebase:firebase-appcheck:18.0.0] AndroidManifest.xml:30:17-82
161            <meta-data
161-->[com.google.firebase:firebase-installations:18.0.0] AndroidManifest.xml:15:13-17:85
162                android:name="com.google.firebase.components:com.google.firebase.installations.FirebaseInstallationsKtxRegistrar"
162-->[com.google.firebase:firebase-installations:18.0.0] AndroidManifest.xml:16:17-130
163                android:value="com.google.firebase.components.ComponentRegistrar" />
163-->[com.google.firebase:firebase-installations:18.0.0] AndroidManifest.xml:17:17-82
164            <meta-data
164-->[com.google.firebase:firebase-installations:18.0.0] AndroidManifest.xml:18:13-20:85
165                android:name="com.google.firebase.components:com.google.firebase.installations.FirebaseInstallationsRegistrar"
165-->[com.google.firebase:firebase-installations:18.0.0] AndroidManifest.xml:19:17-127
166                android:value="com.google.firebase.components.ComponentRegistrar" />
166-->[com.google.firebase:firebase-installations:18.0.0] AndroidManifest.xml:20:17-82
167            <meta-data
167-->[com.google.firebase:firebase-common-ktx:21.0.0] AndroidManifest.xml:12:13-14:85
168                android:name="com.google.firebase.components:com.google.firebase.ktx.FirebaseCommonLegacyRegistrar"
168-->[com.google.firebase:firebase-common-ktx:21.0.0] AndroidManifest.xml:13:17-116
169                android:value="com.google.firebase.components.ComponentRegistrar" />
169-->[com.google.firebase:firebase-common-ktx:21.0.0] AndroidManifest.xml:14:17-82
170            <meta-data
170-->[com.google.firebase:firebase-common:21.0.0] AndroidManifest.xml:35:13-37:85
171                android:name="com.google.firebase.components:com.google.firebase.FirebaseCommonKtxRegistrar"
171-->[com.google.firebase:firebase-common:21.0.0] AndroidManifest.xml:36:17-109
172                android:value="com.google.firebase.components.ComponentRegistrar" />
172-->[com.google.firebase:firebase-common:21.0.0] AndroidManifest.xml:37:17-82
173            <meta-data
173-->[com.google.firebase:firebase-datatransport:18.2.0] AndroidManifest.xml:25:13-27:85
174                android:name="com.google.firebase.components:com.google.firebase.datatransport.TransportRegistrar"
174-->[com.google.firebase:firebase-datatransport:18.2.0] AndroidManifest.xml:26:17-115
175                android:value="com.google.firebase.components.ComponentRegistrar" />
175-->[com.google.firebase:firebase-datatransport:18.2.0] AndroidManifest.xml:27:17-82
176        </service>
177        <service
177-->[:firebase_messaging] AndroidManifest.xml:14:9-17:72
178            android:name="io.flutter.plugins.firebase.messaging.FlutterFirebaseMessagingBackgroundService"
178-->[:firebase_messaging] AndroidManifest.xml:15:13-107
179            android:exported="false"
179-->[:firebase_messaging] AndroidManifest.xml:16:13-37
180            android:permission="android.permission.BIND_JOB_SERVICE" />
180-->[:firebase_messaging] AndroidManifest.xml:17:13-69
181        <service
181-->[:firebase_messaging] AndroidManifest.xml:18:9-24:19
182            android:name="io.flutter.plugins.firebase.messaging.FlutterFirebaseMessagingService"
182-->[:firebase_messaging] AndroidManifest.xml:19:13-97
183            android:exported="false" >
183-->[:firebase_messaging] AndroidManifest.xml:20:13-37
184            <intent-filter>
184-->[:firebase_messaging] AndroidManifest.xml:21:13-23:29
185                <action android:name="com.google.firebase.MESSAGING_EVENT" />
185-->[:firebase_messaging] AndroidManifest.xml:22:17-78
185-->[:firebase_messaging] AndroidManifest.xml:22:25-75
186            </intent-filter>
187        </service>
188
189        <receiver
189-->[:firebase_messaging] AndroidManifest.xml:26:9-33:20
190            android:name="io.flutter.plugins.firebase.messaging.FlutterFirebaseMessagingReceiver"
190-->[:firebase_messaging] AndroidManifest.xml:27:13-98
191            android:exported="true"
191-->[:firebase_messaging] AndroidManifest.xml:28:13-36
192            android:permission="com.google.android.c2dm.permission.SEND" >
192-->[:firebase_messaging] AndroidManifest.xml:29:13-73
193            <intent-filter>
193-->[:firebase_messaging] AndroidManifest.xml:30:13-32:29
194                <action android:name="com.google.android.c2dm.intent.RECEIVE" />
194-->[:firebase_messaging] AndroidManifest.xml:31:17-81
194-->[:firebase_messaging] AndroidManifest.xml:31:25-78
195            </intent-filter>
196        </receiver>
197
198        <provider
198-->[:firebase_messaging] AndroidManifest.xml:41:9-45:38
199            android:name="io.flutter.plugins.firebase.messaging.FlutterFirebaseMessagingInitProvider"
199-->[:firebase_messaging] AndroidManifest.xml:42:13-102
200            android:authorities="com.epsoldev.jinnahent.flutterfirebasemessaginginitprovider"
200-->[:firebase_messaging] AndroidManifest.xml:43:13-88
201            android:exported="false"
201-->[:firebase_messaging] AndroidManifest.xml:44:13-37
202            android:initOrder="99" />
202-->[:firebase_messaging] AndroidManifest.xml:45:13-35
203        <provider
203-->[:image_picker_android] AndroidManifest.xml:9:9-17:20
204            android:name="io.flutter.plugins.imagepicker.ImagePickerFileProvider"
204-->[:image_picker_android] AndroidManifest.xml:10:13-82
205            android:authorities="com.epsoldev.jinnahent.flutter.image_provider"
205-->[:image_picker_android] AndroidManifest.xml:11:13-74
206            android:exported="false"
206-->[:image_picker_android] AndroidManifest.xml:12:13-37
207            android:grantUriPermissions="true" >
207-->[:image_picker_android] AndroidManifest.xml:13:13-47
208            <meta-data
208-->[:image_picker_android] AndroidManifest.xml:14:13-16:75
209                android:name="android.support.FILE_PROVIDER_PATHS"
209-->[:image_picker_android] AndroidManifest.xml:15:17-67
210                android:resource="@xml/flutter_image_picker_file_paths" />
210-->[:image_picker_android] AndroidManifest.xml:16:17-72
211        </provider> <!-- Trigger Google Play services to install the backported photo picker module. -->
212        <service
212-->[:image_picker_android] AndroidManifest.xml:19:9-31:19
213            android:name="com.google.android.gms.metadata.ModuleDependencies"
213-->[:image_picker_android] AndroidManifest.xml:20:13-78
214            android:enabled="false"
214-->[:image_picker_android] AndroidManifest.xml:21:13-36
215            android:exported="false" >
215-->[:image_picker_android] AndroidManifest.xml:22:13-37
216            <intent-filter>
216-->[:image_picker_android] AndroidManifest.xml:24:13-26:29
217                <action android:name="com.google.android.gms.metadata.MODULE_DEPENDENCIES" />
217-->[:image_picker_android] AndroidManifest.xml:25:17-94
217-->[:image_picker_android] AndroidManifest.xml:25:25-91
218            </intent-filter>
219
220            <meta-data
220-->[:image_picker_android] AndroidManifest.xml:28:13-30:36
221                android:name="photopicker_activity:0:required"
221-->[:image_picker_android] AndroidManifest.xml:29:17-63
222                android:value="" />
222-->[:image_picker_android] AndroidManifest.xml:30:17-33
223        </service>
224        <service
224-->[:geolocator_android] AndroidManifest.xml:8:9-12:56
225            android:name="com.baseflow.geolocator.GeolocatorLocationService"
225-->[:geolocator_android] AndroidManifest.xml:9:13-77
226            android:enabled="true"
226-->[:geolocator_android] AndroidManifest.xml:10:13-35
227            android:exported="false"
227-->[:geolocator_android] AndroidManifest.xml:11:13-37
228            android:foregroundServiceType="location" />
228-->[:geolocator_android] AndroidManifest.xml:12:13-53
229        <!--
230           Declares a provider which allows us to store files to share in
231           '.../caches/share_plus' and grant the receiving action access
232        -->
233        <provider
233-->[:share_plus] AndroidManifest.xml:13:9-21:20
234            android:name="dev.fluttercommunity.plus.share.ShareFileProvider"
234-->[:share_plus] AndroidManifest.xml:14:13-77
235            android:authorities="com.epsoldev.jinnahent.flutter.share_provider"
235-->[:share_plus] AndroidManifest.xml:15:13-74
236            android:exported="false"
236-->[:share_plus] AndroidManifest.xml:16:13-37
237            android:grantUriPermissions="true" >
237-->[:share_plus] AndroidManifest.xml:17:13-47
238            <meta-data
238-->[:image_picker_android] AndroidManifest.xml:14:13-16:75
239                android:name="android.support.FILE_PROVIDER_PATHS"
239-->[:image_picker_android] AndroidManifest.xml:15:17-67
240                android:resource="@xml/flutter_share_file_paths" />
240-->[:image_picker_android] AndroidManifest.xml:16:17-72
241        </provider>
242        <!--
243           This manifest declared broadcast receiver allows us to use an explicit
244           Intent when creating a PendingItent to be informed of the user's choice
245        -->
246        <receiver
246-->[:share_plus] AndroidManifest.xml:26:9-32:20
247            android:name="dev.fluttercommunity.plus.share.SharePlusPendingIntent"
247-->[:share_plus] AndroidManifest.xml:27:13-82
248            android:exported="false" >
248-->[:share_plus] AndroidManifest.xml:28:13-37
249            <intent-filter>
249-->[:share_plus] AndroidManifest.xml:29:13-31:29
250                <action android:name="EXTRA_CHOSEN_COMPONENT" />
250-->[:share_plus] AndroidManifest.xml:30:17-65
250-->[:share_plus] AndroidManifest.xml:30:25-62
251            </intent-filter>
252        </receiver>
253
254        <activity
254-->[:url_launcher_android] AndroidManifest.xml:8:9-11:74
255            android:name="io.flutter.plugins.urllauncher.WebViewActivity"
255-->[:url_launcher_android] AndroidManifest.xml:9:13-74
256            android:exported="false"
256-->[:url_launcher_android] AndroidManifest.xml:10:13-37
257            android:theme="@android:style/Theme.NoTitleBar.Fullscreen" />
257-->[:url_launcher_android] AndroidManifest.xml:11:13-71
258        <activity
258-->[com.google.firebase:firebase-auth:23.1.0] AndroidManifest.xml:29:9-46:20
259            android:name="com.google.firebase.auth.internal.GenericIdpActivity"
259-->[com.google.firebase:firebase-auth:23.1.0] AndroidManifest.xml:30:13-80
260            android:excludeFromRecents="true"
260-->[com.google.firebase:firebase-auth:23.1.0] AndroidManifest.xml:31:13-46
261            android:exported="true"
261-->[com.google.firebase:firebase-auth:23.1.0] AndroidManifest.xml:32:13-36
262            android:launchMode="singleTask"
262-->[com.google.firebase:firebase-auth:23.1.0] AndroidManifest.xml:33:13-44
263            android:theme="@android:style/Theme.Translucent.NoTitleBar" >
263-->[com.google.firebase:firebase-auth:23.1.0] AndroidManifest.xml:34:13-72
264            <intent-filter>
264-->[com.google.firebase:firebase-auth:23.1.0] AndroidManifest.xml:35:13-45:29
265                <action android:name="android.intent.action.VIEW" />
265-->[com.google.firebase:firebase-auth:23.1.0] AndroidManifest.xml:36:17-69
265-->[com.google.firebase:firebase-auth:23.1.0] AndroidManifest.xml:36:25-66
266
267                <category android:name="android.intent.category.DEFAULT" />
267-->[com.google.firebase:firebase-auth:23.1.0] AndroidManifest.xml:38:17-76
267-->[com.google.firebase:firebase-auth:23.1.0] AndroidManifest.xml:38:27-73
268                <category android:name="android.intent.category.BROWSABLE" />
268-->[com.google.firebase:firebase-auth:23.1.0] AndroidManifest.xml:39:17-78
268-->[com.google.firebase:firebase-auth:23.1.0] AndroidManifest.xml:39:27-75
269
270                <data
270-->src\main\AndroidManifest.xml:67:13-50
271                    android:host="firebase.auth"
272                    android:path="/"
273                    android:scheme="genericidp" />
274            </intent-filter>
275        </activity>
276        <activity
276-->[com.google.firebase:firebase-auth:23.1.0] AndroidManifest.xml:47:9-64:20
277            android:name="com.google.firebase.auth.internal.RecaptchaActivity"
277-->[com.google.firebase:firebase-auth:23.1.0] AndroidManifest.xml:48:13-79
278            android:excludeFromRecents="true"
278-->[com.google.firebase:firebase-auth:23.1.0] AndroidManifest.xml:49:13-46
279            android:exported="true"
279-->[com.google.firebase:firebase-auth:23.1.0] AndroidManifest.xml:50:13-36
280            android:launchMode="singleTask"
280-->[com.google.firebase:firebase-auth:23.1.0] AndroidManifest.xml:51:13-44
281            android:theme="@android:style/Theme.Translucent.NoTitleBar" >
281-->[com.google.firebase:firebase-auth:23.1.0] AndroidManifest.xml:52:13-72
282            <intent-filter>
282-->[com.google.firebase:firebase-auth:23.1.0] AndroidManifest.xml:53:13-63:29
283                <action android:name="android.intent.action.VIEW" />
283-->[com.google.firebase:firebase-auth:23.1.0] AndroidManifest.xml:36:17-69
283-->[com.google.firebase:firebase-auth:23.1.0] AndroidManifest.xml:36:25-66
284
285                <category android:name="android.intent.category.DEFAULT" />
285-->[com.google.firebase:firebase-auth:23.1.0] AndroidManifest.xml:38:17-76
285-->[com.google.firebase:firebase-auth:23.1.0] AndroidManifest.xml:38:27-73
286                <category android:name="android.intent.category.BROWSABLE" />
286-->[com.google.firebase:firebase-auth:23.1.0] AndroidManifest.xml:39:17-78
286-->[com.google.firebase:firebase-auth:23.1.0] AndroidManifest.xml:39:27-75
287
288                <data
288-->src\main\AndroidManifest.xml:67:13-50
289                    android:host="firebase.auth"
290                    android:path="/"
291                    android:scheme="recaptcha" />
292            </intent-filter>
293        </activity>
294
295        <receiver
295-->[com.google.firebase:firebase-messaging:24.1.0] AndroidManifest.xml:29:9-40:20
296            android:name="com.google.firebase.iid.FirebaseInstanceIdReceiver"